
**** Build of configuration Debug for project gpio ****

C:\ti\ccsv5\utils\bin\gmake -k all 
'Building file: ../Gpio_example.c'
'Invoking: C6000 Compiler'
"C:/ti/ccsv5/tools/compiler/c6000_7.3.4/bin/cl6x" -mv6740 -g --define=c6747 --include_path="C:/ti/ccsv5/tools/compiler/c6000_7.3.4/include" --include_path="../include" --include_path="C:/Users/acer1/workspace_v5_2/gpio/include/ti/pspiom/cslr" --display_error_number --diag_warning=225 --abi=coffabi --preproc_with_compile --preproc_dependency="Gpio_example.pp"  "../Gpio_example.c"
'Finished building: ../Gpio_example.c'
' '
'Building file: ../intvecs.asm'
'Invoking: C6000 Compiler'
"C:/ti/ccsv5/tools/compiler/c6000_7.3.4/bin/cl6x" -mv6740 -g --define=c6747 --include_path="C:/ti/ccsv5/tools/compiler/c6000_7.3.4/include" --include_path="../include" --include_path="C:/Users/acer1/workspace_v5_2/gpio/include/ti/pspiom/cslr" --display_error_number --diag_warning=225 --abi=coffabi --preproc_with_compile --preproc_dependency="intvecs.pp"  "../intvecs.asm"
'Finished building: ../intvecs.asm'
' '
'Building target: gpio.out'
'Invoking: C6000 Linker'
"C:/ti/ccsv5/tools/compiler/c6000_7.3.4/bin/cl6x" -mv6740 -g --define=c6747 --display_error_number --diag_warning=225 --abi=coffabi -z -m"gpio.map" --stack_size=0x800 --heap_size=0x800 --warn_sections --display_error_number -i"C:/ti/ccsv5/tools/compiler/c6000_7.3.4/lib" -i"C:/ti/ccsv5/tools/compiler/c6000_7.3.4/include" --reread_libs --rom_model -o "gpio.out"  "./intvecs.obj" "./Gpio_example.obj" -l"libc.a" "../C6747.cmd" 
<Linking>
warning #10247-D: creating output section ".vecs" without a SECTIONS
   specification
'Finished building target: gpio.out'
' '

**** Build Finished ****
